<?xml version="1.0" encoding="UTF-8"?>
<testng-results ignored="0" total="8" passed="8" failed="0" skipped="0">
  <reporter-output>
  </reporter-output>
  <suite started-at="2024-04-15T14:18:16 IST" name="Suite" finished-at="2024-04-15T14:18:56 IST" duration-ms="39798">
    <groups>
    </groups>
    <test started-at="2024-04-15T14:18:16 IST" name="Test" finished-at="2024-04-15T14:18:56 IST" duration-ms="39798">
      <class name="TestCases.DemoApp_TestCases">
        <test-method is-config="true" signature="initialization(java.lang.String)[pri:0, instance:TestCases.DemoApp_TestCases@23c30a20]" started-at="2024-04-15T14:18:16 IST" name="initialization" finished-at="2024-04-15T14:18:19 IST" duration-ms="2954" status="PASS">
          <params>
            <param index="0">
              <value>
                <![CDATA[Chrome]]>
              </value>
            </param>
          </params>
          <reporter-output>
          </reporter-output>
        </test-method> <!-- initialization -->
        <test-method signature="forgotPassword()[pri:0, instance:TestCases.DemoApp_TestCases@23c30a20]" started-at="2024-04-15T14:18:19 IST" name="forgotPassword" finished-at="2024-04-15T14:18:20 IST" duration-ms="1036" status="PASS">
          <reporter-output>
          </reporter-output>
        </test-method> <!-- forgotPassword -->
        <test-method is-config="true" signature="tearDown()[pri:0, instance:TestCases.DemoApp_TestCases@23c30a20]" started-at="2024-04-15T14:18:20 IST" name="tearDown" finished-at="2024-04-15T14:18:20 IST" duration-ms="124" status="PASS">
          <reporter-output>
          </reporter-output>
        </test-method> <!-- tearDown -->
        <test-method is-config="true" signature="initialization(java.lang.String)[pri:0, instance:TestCases.DemoApp_TestCases@23c30a20]" started-at="2024-04-15T14:18:20 IST" name="initialization" finished-at="2024-04-15T14:18:25 IST" duration-ms="4560" status="PASS">
          <params>
            <param index="0">
              <value>
                <![CDATA[Chrome]]>
              </value>
            </param>
          </params>
          <reporter-output>
          </reporter-output>
        </test-method> <!-- initialization -->
        <test-method signature="logOutFunction()[pri:0, instance:TestCases.DemoApp_TestCases@23c30a20]" started-at="2024-04-15T14:18:25 IST" name="logOutFunction" finished-at="2024-04-15T14:18:27 IST" duration-ms="2135" status="PASS">
          <reporter-output>
          </reporter-output>
        </test-method> <!-- logOutFunction -->
        <test-method is-config="true" signature="tearDown()[pri:0, instance:TestCases.DemoApp_TestCases@23c30a20]" started-at="2024-04-15T14:18:27 IST" name="tearDown" finished-at="2024-04-15T14:18:27 IST" duration-ms="125" status="PASS">
          <reporter-output>
          </reporter-output>
        </test-method> <!-- tearDown -->
        <test-method is-config="true" signature="initialization(java.lang.String)[pri:0, instance:TestCases.DemoApp_TestCases@23c30a20]" started-at="2024-04-15T14:18:27 IST" name="initialization" finished-at="2024-04-15T14:18:29 IST" duration-ms="2497" status="PASS">
          <params>
            <param index="0">
              <value>
                <![CDATA[Chrome]]>
              </value>
            </param>
          </params>
          <reporter-output>
          </reporter-output>
        </test-method> <!-- initialization -->
        <test-method signature="loginUsingdataProvider(java.lang.String,java.lang.String)[pri:0, instance:TestCases.DemoApp_TestCases@23c30a20]" started-at="2024-04-15T14:18:29 IST" name="loginUsingdataProvider" data-provider="login_Details" finished-at="2024-04-15T14:18:31 IST" duration-ms="1624" status="PASS">
          <params>
            <param index="0">
              <value>
                <![CDATA[johnthorsten@mailnator.com]]>
              </value>
            </param>
            <param index="1">
              <value>
                <![CDATA[qwerty12345]]>
              </value>
            </param>
          </params>
          <reporter-output>
          </reporter-output>
        </test-method> <!-- loginUsingdataProvider -->
        <test-method is-config="true" signature="tearDown()[pri:0, instance:TestCases.DemoApp_TestCases@23c30a20]" started-at="2024-04-15T14:18:31 IST" name="tearDown" finished-at="2024-04-15T14:18:31 IST" duration-ms="125" status="PASS">
          <reporter-output>
          </reporter-output>
        </test-method> <!-- tearDown -->
        <test-method is-config="true" signature="initialization(java.lang.String)[pri:0, instance:TestCases.DemoApp_TestCases@23c30a20]" started-at="2024-04-15T14:18:31 IST" name="initialization" finished-at="2024-04-15T14:18:35 IST" duration-ms="3970" status="PASS">
          <params>
            <param index="0">
              <value>
                <![CDATA[Chrome]]>
              </value>
            </param>
          </params>
          <reporter-output>
          </reporter-output>
        </test-method> <!-- initialization -->
        <test-method signature="loginUsingdataProvider(java.lang.String,java.lang.String)[pri:0, instance:TestCases.DemoApp_TestCases@23c30a20]" started-at="2024-04-15T14:18:35 IST" name="loginUsingdataProvider" data-provider="login_Details" finished-at="2024-04-15T14:18:37 IST" duration-ms="1467" status="PASS">
          <params>
            <param index="0">
              <value>
                <![CDATA[johnten@mailnator.com]]>
              </value>
            </param>
            <param index="1">
              <value>
                <![CDATA[qwerty12345%]]>
              </value>
            </param>
          </params>
          <reporter-output>
          </reporter-output>
        </test-method> <!-- loginUsingdataProvider -->
        <test-method is-config="true" signature="tearDown()[pri:0, instance:TestCases.DemoApp_TestCases@23c30a20]" started-at="2024-04-15T14:18:37 IST" name="tearDown" finished-at="2024-04-15T14:18:37 IST" duration-ms="130" status="PASS">
          <reporter-output>
          </reporter-output>
        </test-method> <!-- tearDown -->
        <test-method is-config="true" signature="initialization(java.lang.String)[pri:0, instance:TestCases.DemoApp_TestCases@23c30a20]" started-at="2024-04-15T14:18:37 IST" name="initialization" finished-at="2024-04-15T14:18:39 IST" duration-ms="2639" status="PASS">
          <params>
            <param index="0">
              <value>
                <![CDATA[Chrome]]>
              </value>
            </param>
          </params>
          <reporter-output>
          </reporter-output>
        </test-method> <!-- initialization -->
        <test-method signature="loginUsingdataProvider(java.lang.String,java.lang.String)[pri:0, instance:TestCases.DemoApp_TestCases@23c30a20]" started-at="2024-04-15T14:18:39 IST" name="loginUsingdataProvider" data-provider="login_Details" finished-at="2024-04-15T14:18:41 IST" duration-ms="1540" status="PASS">
          <params>
            <param index="0">
              <value>
                <![CDATA[johnthorstena@mailnator.com]]>
              </value>
            </param>
            <param index="1">
              <value>
                <![CDATA[qwerty1]]>
              </value>
            </param>
          </params>
          <reporter-output>
          </reporter-output>
        </test-method> <!-- loginUsingdataProvider -->
        <test-method is-config="true" signature="tearDown()[pri:0, instance:TestCases.DemoApp_TestCases@23c30a20]" started-at="2024-04-15T14:18:41 IST" name="tearDown" finished-at="2024-04-15T14:18:41 IST" duration-ms="116" status="PASS">
          <reporter-output>
          </reporter-output>
        </test-method> <!-- tearDown -->
        <test-method is-config="true" signature="initialization(java.lang.String)[pri:0, instance:TestCases.DemoApp_TestCases@23c30a20]" started-at="2024-04-15T14:18:41 IST" name="initialization" finished-at="2024-04-15T14:18:43 IST" duration-ms="2416" status="PASS">
          <params>
            <param index="0">
              <value>
                <![CDATA[Chrome]]>
              </value>
            </param>
          </params>
          <reporter-output>
          </reporter-output>
        </test-method> <!-- initialization -->
        <test-method signature="navigateToSignUpFromSignIn()[pri:0, instance:TestCases.DemoApp_TestCases@23c30a20]" started-at="2024-04-15T14:18:43 IST" name="navigateToSignUpFromSignIn" finished-at="2024-04-15T14:18:44 IST" duration-ms="993" status="PASS">
          <reporter-output>
          </reporter-output>
        </test-method> <!-- navigateToSignUpFromSignIn -->
        <test-method is-config="true" signature="tearDown()[pri:0, instance:TestCases.DemoApp_TestCases@23c30a20]" started-at="2024-04-15T14:18:44 IST" name="tearDown" finished-at="2024-04-15T14:18:44 IST" duration-ms="114" status="PASS">
          <reporter-output>
          </reporter-output>
        </test-method> <!-- tearDown -->
        <test-method is-config="true" signature="initialization(java.lang.String)[pri:0, instance:TestCases.DemoApp_TestCases@23c30a20]" started-at="2024-04-15T14:18:44 IST" name="initialization" finished-at="2024-04-15T14:18:50 IST" duration-ms="5343" status="PASS">
          <params>
            <param index="0">
              <value>
                <![CDATA[Chrome]]>
              </value>
            </param>
          </params>
          <reporter-output>
          </reporter-output>
        </test-method> <!-- initialization -->
        <test-method signature="registerUser()[pri:0, instance:TestCases.DemoApp_TestCases@23c30a20]" started-at="2024-04-15T14:18:50 IST" name="registerUser" finished-at="2024-04-15T14:18:52 IST" duration-ms="1764" status="PASS">
          <reporter-output>
          </reporter-output>
        </test-method> <!-- registerUser -->
        <test-method is-config="true" signature="tearDown()[pri:0, instance:TestCases.DemoApp_TestCases@23c30a20]" started-at="2024-04-15T14:18:52 IST" name="tearDown" finished-at="2024-04-15T14:18:52 IST" duration-ms="106" status="PASS">
          <reporter-output>
          </reporter-output>
        </test-method> <!-- tearDown -->
        <test-method is-config="true" signature="initialization(java.lang.String)[pri:0, instance:TestCases.DemoApp_TestCases@23c30a20]" started-at="2024-04-15T14:18:52 IST" name="initialization" finished-at="2024-04-15T14:18:54 IST" duration-ms="2631" status="PASS">
          <params>
            <param index="0">
              <value>
                <![CDATA[Chrome]]>
              </value>
            </param>
          </params>
          <reporter-output>
          </reporter-output>
        </test-method> <!-- initialization -->
        <test-method signature="verifyOptionClickable()[pri:0, instance:TestCases.DemoApp_TestCases@23c30a20]" started-at="2024-04-15T14:18:54 IST" name="verifyOptionClickable" finished-at="2024-04-15T14:18:56 IST" duration-ms="1210" status="PASS">
          <reporter-output>
          </reporter-output>
        </test-method> <!-- verifyOptionClickable -->
        <test-method is-config="true" signature="tearDown()[pri:0, instance:TestCases.DemoApp_TestCases@23c30a20]" started-at="2024-04-15T14:18:56 IST" name="tearDown" finished-at="2024-04-15T14:18:56 IST" duration-ms="121" status="PASS">
          <reporter-output>
          </reporter-output>
        </test-method> <!-- tearDown -->
      </class> <!-- TestCases.DemoApp_TestCases -->
    </test> <!-- Test -->
  </suite> <!-- Suite -->
</testng-results>
