<?xml version="1.0" encoding="UTF-8"?>
<!-- Generated by org.testng.reporters.JUnitXMLReporter -->
<testsuite ignored="0" hostname="LAPTOP-E2KT3BQR" failures="0" tests="8" name="Test" time="39.798" errors="0" timestamp="2024-04-15T14:18:56 IST">
  <testcase classname="TestCases.DemoApp_TestCases" name="forgotPassword" time="1.036"/>
  <testcase classname="TestCases.DemoApp_TestCases" name="logOutFunction" time="2.135"/>
  <testcase classname="TestCases.DemoApp_TestCases" name="loginUsingdataProvider" time="1.624"/>
  <testcase classname="TestCases.DemoApp_TestCases" name="loginUsingdataProvider" time="1.467"/>
  <testcase classname="TestCases.DemoApp_TestCases" name="loginUsingdataProvider" time="1.54"/>
  <testcase classname="TestCases.DemoApp_TestCases" name="navigateToSignUpFromSignIn" time="0.993"/>
  <testcase classname="TestCases.DemoApp_TestCases" name="registerUser" time="1.764"/>
  <testcase classname="TestCases.DemoApp_TestCases" name="verifyOptionClickable" time="1.21"/>
</testsuite> <!-- Test -->
